<?xml version="1.0" encoding="UTF-8"?>
<!-- Generated by org.testng.reporters.JUnitReportReporter -->
<testsuite skipped="1" hostname="C40BF52AGJUNC" name="com.qa.tester.putAPITest" tests="3" failures="0" timestamp="21 Jan 2019 09:04:42 GMT" time="1.922" errors="0">
  <testcase name="validateResponseTime" time="0.001" classname="com.qa.tester.putAPITest"/>
  <testcase name="validatePut" time="1.921" classname="com.qa.tester.putAPITest"/>
  <testcase name="validateRandom" classname="com.qa.tester.putAPITest">
    <skipped/>
  </testcase> <!-- validateRandom -->
</testsuite> <!-- com.qa.tester.putAPITest -->
