<?xml version="1.0" encoding="UTF-8"?>
<!-- Generated by org.testng.reporters.JUnitReportReporter -->
<testsuite skipped="0" hostname="C40BF52AGJUNC" name="com.qa.tester.putAPITest" tests="2" failures="0" timestamp="18 Jan 2019 10:09:10 GMT" time="2.028" errors="0">
  <testcase name="validateResponseTime" time="0.001" classname="com.qa.tester.putAPITest"/>
  <testcase name="validatePut" time="2.027" classname="com.qa.tester.putAPITest"/>
</testsuite> <!-- com.qa.tester.putAPITest -->
