<?xml version="1.0" encoding="UTF-8"?>
<!-- Generated by org.testng.reporters.JUnitReportReporter -->
<testsuite skipped="0" hostname="C40BF52AGJUNC" name="com.qa.tester.GetAPIwithHeaders" tests="4" failures="0" timestamp="22 Jan 2019 11:53:47 GMT" time="1.255" errors="0">
  <testcase name="validateStatusCode" time="0.000" classname="com.qa.tester.GetAPIwithHeaders"/>
  <testcase name="validateResponseData" time="0.009" classname="com.qa.tester.GetAPIwithHeaders"/>
  <testcase name="getAPITestWithHeaders" time="1.244" classname="com.qa.tester.GetAPIwithHeaders"/>
  <testcase name="validateHeaders" time="0.002" classname="com.qa.tester.GetAPIwithHeaders"/>
</testsuite> <!-- com.qa.tester.GetAPIwithHeaders -->
