<?xml version="1.0" encoding="UTF-8"?>
<!-- Generated by org.testng.reporters.JUnitReportReporter -->
<<<<<<< HEAD
<testsuite skipped="0" hostname="C40BF52AGJUNC" name="com.qa.tester.PostAPITest" tests="1" failures="0" timestamp="22 Jan 2019 11:53:47 GMT" time="0.907" errors="0">
  <testcase name="PostAPItest" time="0.907" classname="com.qa.tester.PostAPITest"/>
=======
<testsuite skipped="0" hostname="C40BF52AGJUNC" name="com.qa.tester.PostAPITest" tests="1" failures="0" timestamp="22 Jan 2019 09:41:18 GMT" time="0.952" errors="0">
  <testcase name="PostAPItest" time="0.952" classname="com.qa.tester.PostAPITest"/>
>>>>>>> dddbb83425ef92b691ea0736b690643deee66a04
</testsuite> <!-- com.qa.tester.PostAPITest -->
