<?xml version="1.0" encoding="UTF-8"?>
<!-- Generated by org.testng.reporters.JUnitReportReporter -->
<testsuite skipped="0" hostname="C40BF52AGJUNC" name="com.qa.tester.deleteAPItest" tests="1" failures="0" timestamp="22 Jan 2019 11:58:24 GMT" time="1.765" errors="0">
  <testcase name="deleteAPI" time="1.765" classname="com.qa.tester.deleteAPItest"/>
</testsuite> <!-- com.qa.tester.deleteAPItest -->
