<?xml version="1.0" encoding="UTF-8"?>
<!-- Generated by org.testng.reporters.JUnitReportReporter -->
<testsuite skipped="0" hostname="C40BF52AGJUNC" name="com.qa.tester.GetAPIwithoutHeaders" tests="5" failures="0" timestamp="22 Jan 2019 11:57:05 GMT" time="23.288" errors="0">
  <testcase name="getAPITestWithoutHeaders" time="23.277" classname="com.qa.tester.GetAPIwithoutHeaders"/>
  <testcase name="validateResponseData" time="0.004" classname="com.qa.tester.GetAPIwithoutHeaders"/>
  <testcase name="validateResponseTime" time="0.001" classname="com.qa.tester.GetAPIwithoutHeaders"/>
  <testcase name="validateHeadersInResponse" time="0.005" classname="com.qa.tester.GetAPIwithoutHeaders"/>
  <testcase name="validateStatusCode" time="0.001" classname="com.qa.tester.GetAPIwithoutHeaders"/>
</testsuite> <!-- com.qa.tester.GetAPIwithoutHeaders -->
